
> local-music-network@1.0.0 dev
> next dev

   ▲ Next.js 15.5.9
   - Local:        http://localhost:3000
   - Network:      http://192.168.0.2:3000
   - Environments: .env
   - Experiments (use with caution):
     · clientTraceMetadata

 ✓ Starting...
Attention: Next.js now collects completely anonymous telemetry regarding usage.
This information is used to shape Next.js' roadmap and prioritize features.
You can learn more, including how to opt-out if you'd not like to participate in this anonymous program, by visiting the following URL:
https://nextjs.org/telemetry

 ○ Compiling /instrumentation ...
 ✓ Compiled /instrumentation in 2.2s (360 modules)
 ✓ Ready in 4.8s
 ○ Compiling /middleware ...
 ✓ Compiled /middleware in 3.1s (866 modules)
 ○ Compiling /apps ...
 ✓ Compiled /apps in 15.2s (1674 modules)
 GET /apps 200 in 17459ms
 ✓ Compiled in 2.2s (933 modules)
 GET /apps 200 in 325ms
(node:32394) [DEP0060] DeprecationWarning: The `util._extend` API is deprecated. Please use Object.assign() instead.
(Use `node --trace-deprecation ...` to show where the warning was created)
 ○ Compiling /api/user/apps ...
 ✓ Compiled /api/user/apps in 2.3s (1898 modules)
 GET /api/user/apps 401 in 3069ms
Error fetching apps: [Error: connect ENETUNREACH 2406:da1a:6b0:f613:5f41:d133:3c1e:a96:5432 - Local (:::0)] {
  errno: -101,
  code: 'ENETUNREACH',
  syscall: 'connect',
  address: '2406:da1a:6b0:f613:5f41:d133:3c1e:a96',
  port: 5432
}
 GET /api/apps 500 in 3163ms
<w> [webpack.cache.PackFileCacheStrategy] Serializing big strings (188kiB) impacts deserialization performance (consider using Buffer instead and decode when needed)
<w> [webpack.cache.PackFileCacheStrategy] Serializing big strings (139kiB) impacts deserialization performance (consider using Buffer instead and decode when needed)
<w> [webpack.cache.PackFileCacheStrategy] Serializing big strings (129kiB) impacts deserialization performance (consider using Buffer instead and decode when needed)
